<?xml version="1.0" encoding="UTF-8"?>
<testng-results ignored="0" total="2" passed="2" failed="0" skipped="0">
  <reporter-output>
  </reporter-output>
  <suite started-at="2024-12-03T13:13:29 IST" name="Default suite" finished-at="2024-12-03T13:13:37 IST" duration-ms="8310">
    <groups>
    </groups>
    <test started-at="2024-12-03T13:13:29 IST" name="Default test" finished-at="2024-12-03T13:13:37 IST" duration-ms="8310">
      <class name="com.test.HomeTailsTest">
        <test-method is-config="true" signature="setup()[pri:0, instance:com.test.HomeTailsTest@24269709]" started-at="2024-12-03T13:13:29 IST" name="setup" finished-at="2024-12-03T13:13:37 IST" duration-ms="8001" status="PASS">
          <reporter-output>
          </reporter-output>
        </test-method> <!-- setup -->
        <test-method signature="SearchAndGetPrice()[pri:0, instance:com.test.HomeTailsTest@24269709]" started-at="2024-12-03T13:13:37 IST" name="SearchAndGetPrice" finished-at="2024-12-03T13:13:37 IST" duration-ms="271" status="PASS">
          <reporter-output>
          </reporter-output>
        </test-method> <!-- SearchAndGetPrice -->
        <test-method signature="headtailsTitlevalidation()[pri:0, instance:com.test.HomeTailsTest@24269709]" started-at="2024-12-03T13:13:37 IST" name="headtailsTitlevalidation" finished-at="2024-12-03T13:13:37 IST" duration-ms="8" status="PASS">
          <reporter-output>
          </reporter-output>
        </test-method> <!-- headtailsTitlevalidation -->
        <test-method is-config="true" signature="tearDown()[pri:0, instance:com.test.HomeTailsTest@24269709]" started-at="2024-12-03T13:13:37 IST" name="tearDown" finished-at="2024-12-03T13:13:37 IST" duration-ms="0" status="PASS">
          <reporter-output>
          </reporter-output>
        </test-method> <!-- tearDown -->
      </class> <!-- com.test.HomeTailsTest -->
    </test> <!-- Default test -->
  </suite> <!-- Default suite -->
</testng-results>
